<?xml version="1.0" encoding="UTF-8"?>
<testsuite xmlns:xsi="http://www.w3.org/2001/XMLSchema-instance" xsi:schemaLocation="https://maven.apache.org/surefire/maven-surefire-plugin/xsd/surefire-test-report.xsd" name="runner.TestRunner" time="98.288" tests="71" errors="0" skipped="0" failures="0">
  <properties>
    <property name="java.runtime.name" value="Java(TM) SE Runtime Environment"/>
    <property name="sun.boot.library.path" value="C:\Program Files\Java\jdk1.8.0_241\jre\bin"/>
    <property name="java.vm.version" value="25.241-b07"/>
    <property name="java.vm.vendor" value="Oracle Corporation"/>
    <property name="maven.multiModuleProjectDirectory" value="C:\Users\codibo\eclipse-workspace\JupitarProject2"/>
    <property name="java.vendor.url" value="http://java.oracle.com/"/>
    <property name="path.separator" value=";"/>
    <property name="guice.disable.misplaced.annotation.check" value="true"/>
    <property name="java.vm.name" value="Java HotSpot(TM) 64-Bit Server VM"/>
    <property name="file.encoding.pkg" value="sun.io"/>
    <property name="user.script" value=""/>
    <property name="user.country" value="GB"/>
    <property name="sun.java.launcher" value="SUN_STANDARD"/>
    <property name="sun.os.patch.level" value=""/>
    <property name="java.vm.specification.name" value="Java Virtual Machine Specification"/>
    <property name="user.dir" value="C:\Users\codibo\eclipse-workspace\JupitarProject2"/>
    <property name="java.runtime.version" value="1.8.0_241-b07"/>
    <property name="java.awt.graphicsenv" value="sun.awt.Win32GraphicsEnvironment"/>
    <property name="java.endorsed.dirs" value="C:\Program Files\Java\jdk1.8.0_241\jre\lib\endorsed"/>
    <property name="os.arch" value="amd64"/>
    <property name="java.io.tmpdir" value="C:\Users\codibo\AppData\Local\Temp\"/>
    <property name="line.separator" value="&#10;"/>
    <property name="java.vm.specification.vendor" value="Oracle Corporation"/>
    <property name="user.variant" value=""/>
    <property name="os.name" value="Windows 10"/>
    <property name="classworlds.conf" value="C:\Program Files\ApacheMaven\apache-maven-3.6.3\bin\..\bin\m2.conf"/>
    <property name="sun.jnu.encoding" value="Cp1252"/>
    <property name="java.library.path" value="C:\Program Files\Java\jdk1.8.0_241\bin;C:\WINDOWS\Sun\Java\bin;C:\WINDOWS\system32;C:\WINDOWS;C:\Program Files (x86)\Common Files\Oracle\Java\javapath;C:\Program Files (x86)\Intel\iCLS Client\;C:\Program Files\Intel\iCLS Client\;C:\WINDOWS\system32;C:\WINDOWS;C:\WINDOWS\System32\Wbem;C:\WINDOWS\System32\WindowsPowerShell\v1.0\;C:\Program Files (x86)\Intel\Intel(R) Management Engine Components\DAL;C:\Program Files\Intel\Intel(R) Management Engine Components\DAL;C:\Program Files (x86)\Intel\Intel(R) Management Engine Components\IPT;C:\Program Files\Intel\Intel(R) Management Engine Components\IPT;C:\Program Files (x86)\ATI Technologies\ATI.ACE\Core-Static;C:\Program Files\Intel\WiFi\bin\;C:\Program Files\Common Files\Intel\WirelessCommon\;C:\Program Files (x86)\Common Files\lenovo\easyplussdk\bin;C:\WINDOWS\System32\OpenSSH\;C:\Program Files\Java\jdk-13.0.2\bin;C:\Program Files\Microsoft SQL Server\130\Tools\Binn\;C:\Program Files\dotnet\;C:\Program Files\ApacheMaven\apache-maven-3.6.3\bin;C:\Program Files\nodejs\;C:\ProgramData\chocolatey\bin;C:\Program Files\Git\cmd;C:\Users\codibo\AppData\Local\Microsoft\WindowsApps;C:\Program Files\JetBrains\IntelliJ IDEA Community Edition 2019.3.3\bin;C:\Users\codibo\AppData\Roaming\npm;."/>
    <property name="maven.conf" value="C:\Program Files\ApacheMaven\apache-maven-3.6.3\bin\../conf"/>
    <property name="java.specification.name" value="Java Platform API Specification"/>
    <property name="java.class.version" value="52.0"/>
    <property name="sun.management.compiler" value="HotSpot 64-Bit Tiered Compilers"/>
    <property name="os.version" value="10.0"/>
    <property name="library.jansi.path" value="C:\Program Files\ApacheMaven\apache-maven-3.6.3\bin\..\lib\jansi-native"/>
    <property name="user.home" value="C:\Users\codibo"/>
    <property name="user.timezone" value="Europe/London"/>
    <property name="java.awt.printerjob" value="sun.awt.windows.WPrinterJob"/>
    <property name="java.specification.version" value="1.8"/>
    <property name="file.encoding" value="Cp1252"/>
    <property name="user.name" value="covie"/>
    <property name="java.class.path" value="C:\Program Files\ApacheMaven\apache-maven-3.6.3\bin\..\boot\plexus-classworlds-2.6.0.jar"/>
    <property name="java.vm.specification.version" value="1.8"/>
    <property name="sun.arch.data.model" value="64"/>
    <property name="java.home" value="C:\Program Files\Java\jdk1.8.0_241\jre"/>
    <property name="sun.java.command" value="org.codehaus.plexus.classworlds.launcher.Launcher clean test"/>
    <property name="java.specification.vendor" value="Oracle Corporation"/>
    <property name="user.language" value="en"/>
    <property name="awt.toolkit" value="sun.awt.windows.WToolkit"/>
    <property name="java.vm.info" value="mixed mode"/>
    <property name="java.version" value="1.8.0_241"/>
    <property name="java.ext.dirs" value="C:\Program Files\Java\jdk1.8.0_241\jre\lib\ext;C:\WINDOWS\Sun\Java\lib\ext"/>
    <property name="sun.boot.class.path" value="C:\Program Files\Java\jdk1.8.0_241\jre\lib\resources.jar;C:\Program Files\Java\jdk1.8.0_241\jre\lib\rt.jar;C:\Program Files\Java\jdk1.8.0_241\jre\lib\sunrsasign.jar;C:\Program Files\Java\jdk1.8.0_241\jre\lib\jsse.jar;C:\Program Files\Java\jdk1.8.0_241\jre\lib\jce.jar;C:\Program Files\Java\jdk1.8.0_241\jre\lib\charsets.jar;C:\Program Files\Java\jdk1.8.0_241\jre\lib\jfr.jar;C:\Program Files\Java\jdk1.8.0_241\jre\classes"/>
    <property name="sun.stderr.encoding" value="cp850"/>
    <property name="java.vendor" value="Oracle Corporation"/>
    <property name="maven.home" value="C:\Program Files\ApacheMaven\apache-maven-3.6.3\bin\.."/>
    <property name="file.separator" value="\"/>
    <property name="java.vendor.url.bug" value="http://bugreport.sun.com/bugreport/"/>
    <property name="sun.cpu.endian" value="little"/>
    <property name="sun.io.unicode.encoding" value="UnicodeLittle"/>
    <property name="sun.stdout.encoding" value="cp850"/>
    <property name="sun.desktop" value="windows"/>
    <property name="sun.cpu.isalist" value="amd64"/>
  </properties>
  <testcase name="Given user is on &quot;https://jupiter.cloud.planittesting.com/#/&quot;" classname="| test | nothappenin |" time="0.001"/>
  <testcase name="And user click login link" classname="| test | nothappenin |" time="0"/>
  <testcase name="And user click login link" classname="| test | nothappenin |" time="0.001"/>
  <testcase name="And user click login link" classname="| test | nothappenin |" time="0"/>
  <testcase name="And user attempts to login by entering  &quot;test&quot;  and  &quot;nothappenin&quot; on a pop up window" classname="| test | nothappenin |" time="0"/>
  <testcase name="And user attempts to login by entering  &quot;test&quot;  and  &quot;nothappenin&quot; on a pop up window" classname="| test | nothappenin |" time="0"/>
  <testcase name="And user attempts to login by entering  &quot;test&quot;  and  &quot;nothappenin&quot; on a pop up window" classname="| test | nothappenin |" time="0"/>
  <testcase name="When user click on login button" classname="| test | nothappenin |" time="0"/>
  <testcase name="When user click on login button" classname="| test | nothappenin |" time="0"/>
  <testcase name="When user click on login button" classname="| test | nothappenin |" time="0"/>
  <testcase name="Then user  should validate the error message &quot;Your login details are incorrect&quot;" classname="| test | nothappenin |" time="0"/>
  <testcase name="Then user  should validate the error message &quot;Your login details are incorrect&quot;" classname="| test | nothappenin |" time="0"/>
  <testcase name="| test | nothappenin |" classname="| test | nothappenin |" time="0"/>
  <testcase name="| test | nothappenin |" classname="| test | nothappenin |" time="0.003"/>
  <testcase name="| test | nothappenin |" classname="| test | nothappenin |" time="0"/>
  <testcase name="Given user is on &quot;https://jupiter2.cloud.planittesting.com/#/&quot;" classname="| test | nothappenin |" time="0"/>
  <testcase name="Given user is on &quot;https://jupiter2.cloud.planittesting.com/#/&quot;" classname="| test | nothappenin |" time="0"/>
  <testcase name="Then user  should validate the error message &quot;You must agree to the terms of service&quot;" classname="| test | nothappenin |" time="0"/>
  <testcase name="And user clicks terms of reference" classname="| test | nothappenin |" time="0"/>
  <testcase name="Given user is on &quot;https://jupiter.cloud.planittesting.com/#/&quot;" classname="| test | letmein |" time="0"/>
  <testcase name="And user click login link" classname="| test | letmein |" time="0"/>
  <testcase name="And user click login link" classname="| test | letmein |" time="0"/>
  <testcase name="And user attempts to login by entering  &quot;test&quot;  and  &quot;letmein&quot; on a pop up window" classname="| test | letmein |" time="0"/>
  <testcase name="And user attempts to login by entering  &quot;test&quot;  and  &quot;letmein&quot; on a pop up window" classname="| test | letmein |" time="0"/>
  <testcase name="When user click on login button" classname="| test | letmein |" time="0"/>
  <testcase name="When user click on login button" classname="| test | letmein |" time="0"/>
  <testcase name="Then user  &quot;test&quot; should be able to confirm login is successful" classname="| test | letmein |" time="0"/>
  <testcase name="And user log out of the application" classname="| test | letmein |" time="0"/>
  <testcase name="And user log out of the application" classname="| test | letmein |" time="0"/>
  <testcase name="| test | letmein |" classname="| test | letmein |" time="0.001"/>
  <testcase name="| test | letmein |" classname="| test | letmein |" time="0"/>
  <testcase name="Given user is on &quot;https://jupiter2.cloud.planittesting.com/#/&quot;" classname="| test | letmein |" time="0"/>
  <testcase name="And user clicks terms of reference" classname="| test | letmein |" time="0"/>
  <testcase name="Then user  &quot;test&quot; should confirm that login is successful" classname="| test | letmein |" time="0"/>
  <testcase name="Given user is on &quot;https://jupiter.cloud.planittesting.com/#/&quot;" classname="| Stuffed Frog | fluffy Bunny | ovie | ovie@gmail.com | 07654323455 | JT1605952047008 |" time="0"/>
  <testcase name="And user click shop link" classname="| Stuffed Frog | fluffy Bunny | ovie | ovie@gmail.com | 07654323455 | JT1605952047008 |" time="0"/>
  <testcase name="Then user is taken to &quot;shop&quot; page" classname="| Stuffed Frog | fluffy Bunny | ovie | ovie@gmail.com | 07654323455 | JT1605952047008 |" time="0"/>
  <testcase name="When user made attempt to shop  by adding &quot;Stuffed Frog&quot; and &quot;fluffy Bunny&quot; to the cart" classname="| Stuffed Frog | fluffy Bunny | ovie | ovie@gmail.com | 07654323455 | JT1605952047008 |" time="0"/>
  <testcase name="Then user confirms correct items are added to the cart" classname="| Stuffed Frog | fluffy Bunny | ovie | ovie@gmail.com | 07654323455 | JT1605952047008 |" time="0"/>
  <testcase name="And user click cart link" classname="| Stuffed Frog | fluffy Bunny | ovie | ovie@gmail.com | 07654323455 | JT1605952047008 |" time="0"/>
  <testcase name="| Stuffed Frog | fluffy Bunny | ovie | ovie@gmail.com | 07654323455 | JT1605952047008 |" classname="| Stuffed Frog | fluffy Bunny | ovie | ovie@gmail.com | 07654323455 | JT1605952047008 |" time="0"/>
  <testcase name="Given user is on &quot;https://jupiter.cloud.planittesting.com/#/&quot;" classname="| smiley bear | SMILEY FACE | ovie | ovie@gmail.com | 07654323455 | JT1605952047008 |" time="0"/>
  <testcase name="And user click shop link" classname="| smiley bear | SMILEY FACE | ovie | ovie@gmail.com | 07654323455 | JT1605952047008 |" time="0"/>
  <testcase name="Then user is taken to &quot;shop&quot; page" classname="| smiley bear | SMILEY FACE | ovie | ovie@gmail.com | 07654323455 | JT1605952047008 |" time="0"/>
  <testcase name="When user made attempt to shop  by adding &quot;smiley bear&quot; and &quot;SMILEY FACE&quot; to the cart" classname="| smiley bear | SMILEY FACE | ovie | ovie@gmail.com | 07654323455 | JT1605952047008 |" time="0"/>
  <testcase name="Then user confirms correct items are added to the cart" classname="| smiley bear | SMILEY FACE | ovie | ovie@gmail.com | 07654323455 | JT1605952047008 |" time="0"/>
  <testcase name="And user click cart link" classname="| smiley bear | SMILEY FACE | ovie | ovie@gmail.com | 07654323455 | JT1605952047008 |" time="0"/>
  <testcase name="| smiley bear | SMILEY FACE | ovie | ovie@gmail.com | 07654323455 | JT1605952047008 |" classname="| smiley bear | SMILEY FACE | ovie | ovie@gmail.com | 07654323455 | JT1605952047008 |" time="0.001"/>
  <testcase name="Given user is on &quot;https://jupiter.cloud.planittesting.com/#/&quot;" classname="| testa | testa@gmail.com | ready |" time="0"/>
  <testcase name="When user clicks on  contact link" classname="| testa | testa@gmail.com | ready |" time="0"/>
  <testcase name="Then user is taken to &quot;contact&quot; page" classname="| testa | testa@gmail.com | ready |" time="0"/>
  <testcase name="And user enters the  mandatory details &quot;testa&quot;,&quot;testa@gmail.com&quot;  and  &quot;ready&quot;" classname="| testa | testa@gmail.com | ready |" time="0"/>
  <testcase name="When user click on submit button" classname="| testa | testa@gmail.com | ready |" time="0"/>
  <testcase name="Then user should be on contact page" classname="| testa | testa@gmail.com | ready |" time="0"/>
  <testcase name="Then user &quot;testa&quot; should validate see successMessage" classname="| testa | testa@gmail.com | ready |" time="0"/>
  <testcase name="| testa | testa@gmail.com | ready |" classname="| testa | testa@gmail.com | ready |" time="0"/>
  <testcase name="Given user is on &quot;https://jupiter.cloud.planittesting.com/#/&quot;" classname="| testab | testab@yahoo.com | please call |" time="0"/>
  <testcase name="When user clicks on  contact link" classname="| testab | testab@yahoo.com | please call |" time="0"/>
  <testcase name="Then user is taken to &quot;contact&quot; page" classname="| testab | testab@yahoo.com | please call |" time="0"/>
  <testcase name="And user enters the  mandatory details &quot;testab&quot;,&quot;testab@yahoo.com&quot;  and  &quot;please call&quot;" classname="| testab | testab@yahoo.com | please call |" time="0"/>
  <testcase name="When user click on submit button" classname="| testab | testab@yahoo.com | please call |" time="0"/>
  <testcase name="Then user should be on contact page" classname="| testab | testab@yahoo.com | please call |" time="0"/>
  <testcase name="Then user &quot;testab&quot; should validate see successMessage" classname="| testab | testab@yahoo.com | please call |" time="0"/>
  <testcase name="| testab | testab@yahoo.com | please call |" classname="| testab | testab@yahoo.com | please call |" time="0"/>
  <testcase name="Given user is on &quot;https://jupiter.cloud.planittesting.com/#/&quot;" classname="Scenario: Validate error messages" time="0"/>
  <testcase name="When user clicks on  contact link" classname="Scenario: Validate error messages" time="0"/>
  <testcase name="Then user is taken to &quot;contact&quot; page" classname="Scenario: Validate error messages" time="0"/>
  <testcase name="And user click on submit button" classname="Scenario: Validate error messages" time="0"/>
  <testcase name="Then user should validate the following error messages  as  &quot;Forename is required&quot;  , &quot;Email is required&quot; and &quot;Message is required&quot;" classname="Scenario: Validate error messages" time="0"/>
  <testcase name="And user also validate the feedback error warning error message &quot;We welcome your feedback - but we won&apos;t get it unless you complete the form correctly.&quot;" classname="Scenario: Validate error messages" time="0"/>
  <testcase name="Scenario: Validate error messages" classname="Scenario: Validate error messages" time="0.001"/>
</testsuite>